Copyright 1986-2020 Xilinx, Inc. All Rights Reserved.
-------------------------------------------------------------------------------------------
| Tool Version : Vivado v.2020.1 (win64) Build 2902540 Wed May 27 19:54:49 MDT 2020
| Date         : Sun May  9 14:00:51 2021
| Host         : DESKTOP-A6CUJVB running 64-bit major release  (build 9200)
| Command      : report_control_sets -verbose -file red_pitaya_top_control_sets_placed.rpt
| Design       : red_pitaya_top
| Device       : xc7z010
-------------------------------------------------------------------------------------------

Control Set Information

Table of Contents
-----------------
1. Summary
2. Histogram
3. Flip-Flop Distribution
4. Detailed Control Set Information

1. Summary
----------

+----------------------------------------------------------+-------+
|                          Status                          | Count |
+----------------------------------------------------------+-------+
| Total control sets                                       |   250 |
|    Minimum number of control sets                        |   250 |
|    Addition due to synthesis replication                 |     0 |
|    Addition due to physical synthesis replication        |     0 |
| Unused register locations in slices containing registers |   649 |
+----------------------------------------------------------+-------+
* Control sets can be merged at opt_design using control_set_merge or merge_equivalent_drivers
** Run report_qor_suggestions for automated merging and remapping suggestions


2. Histogram
------------

+--------------------+-------+
|       Fanout       | Count |
+--------------------+-------+
| Total control sets |   250 |
| >= 0 to < 4        |     4 |
| >= 4 to < 6        |    51 |
| >= 6 to < 8        |     5 |
| >= 8 to < 10       |    19 |
| >= 10 to < 12      |     4 |
| >= 12 to < 14      |    15 |
| >= 14 to < 16      |    30 |
| >= 16              |   122 |
+--------------------+-------+
* Control sets can be remapped at either synth_design or opt_design


3. Flip-Flop Distribution
-------------------------

+--------------+-----------------------+------------------------+-----------------+--------------+
| Clock Enable | Synchronous Set/Reset | Asynchronous Set/Reset | Total Registers | Total Slices |
+--------------+-----------------------+------------------------+-----------------+--------------+
| No           | No                    | No                     |             472 |          152 |
| No           | No                    | Yes                    |              17 |            3 |
| No           | Yes                   | No                     |            1232 |          389 |
| Yes          | No                    | No                     |            2255 |          779 |
| Yes          | No                    | Yes                    |               0 |            0 |
| Yes          | Yes                   | No                     |            1687 |          475 |
+--------------+-----------------------+------------------------+-----------------+--------------+


4. Detailed Control Set Information
-----------------------------------

+------------------------------------------------+----------------------------------------------------------------------------------------------------------------------------------------------------+-------------------------------------------------------------------------------------------------------------------------+------------------+----------------+--------------+
|                  Clock Signal                  |                                                                    Enable Signal                                                                   |                                                     Set/Reset Signal                                                    | Slice Load Count | Bel Load Count | Bels / Slice |
+------------------------------------------------+----------------------------------------------------------------------------------------------------------------------------------------------------+-------------------------------------------------------------------------------------------------------------------------+------------------+----------------+--------------+
|  pwm_clk                                       |                                                                                                                                                    |                                                                                                                         |                1 |              1 |         1.00 |
|  adc_clk                                       | ps/axi_master[0]/axi_awpop                                                                                                                         | ps/axi_master[0]/axi_awburst_o[0]_i_1__0_n_0                                                                            |                1 |              1 |         1.00 |
|  adc_clk                                       | ps/axi_master[1]/axi_awpop                                                                                                                         | ps/axi_master[1]/axi_awburst_o[0]_i_1_n_0                                                                               |                1 |              1 |         1.00 |
|  ps/system_i/processing_system7/inst/FCLK_CLK3 | ps/system_i/axi_protocol_converter_0/inst/gen_axilite.gen_b2s_conv.axilite_b2s/WR.b_channel_0/bid_fifo_0/bresp_push                                |                                                                                                                         |                1 |              2 |         2.00 |
|  adc_clk                                       | ps/axi_slave_gp0/rd_araddr_reg[3]_17[0]                                                                                                            |                                                                                                                         |                1 |              4 |         4.00 |
|  adc_clk                                       | ps/axi_slave_gp0/wr_awaddr_reg[1]_3[0]                                                                                                             |                                                                                                                         |                3 |              4 |         1.33 |
|  adc_clk                                       | ps/axi_master[1]/axi_awpop                                                                                                                         | i_scope/i_dfilt1_chb/SR[0]                                                                                              |                1 |              4 |         4.00 |
|  adc_clk                                       | ps/axi_slave_gp0/rd_araddr_reg[3]_11[0]                                                                                                            |                                                                                                                         |                3 |              4 |         1.33 |
|  ps/system_i/processing_system7/inst/FCLK_CLK3 |                                                                                                                                                    | ps/system_i/axi_protocol_converter_0/inst/gen_axilite.gen_b2s_conv.axilite_b2s/SI_REG/aw.aw_pipe/aresetn_d_reg[0]_0     |                1 |              4 |         4.00 |
|  ps/system_i/processing_system7/inst/FCLK_CLK3 |                                                                                                                                                    | ps/system_i/axi_protocol_converter_0/inst/gen_axilite.gen_b2s_conv.axilite_b2s/SI_REG/ar.ar_pipe/aresetn_d_reg[1]_inv_0 |                3 |              4 |         1.33 |
|  adc_clk                                       | ps/axi_slave_gp0/rd_araddr_reg[4]_11[0]                                                                                                            |                                                                                                                         |                3 |              4 |         1.33 |
|  pwm_clk                                       | pwm[3]/bcnt                                                                                                                                        | pwm[1]/SR[0]                                                                                                            |                1 |              4 |         4.00 |
|  adc_clk                                       | i_scope/i_wr0/axi_wvalid_o_reg_1[0]                                                                                                                | i_scope/i_dfilt1_chb/SR[0]                                                                                              |                2 |              4 |         2.00 |
|  pwm_clk                                       | pwm[0]/bcnt                                                                                                                                        | pwm[1]/SR[0]                                                                                                            |                1 |              4 |         4.00 |
|  adc_clk                                       |                                                                                                                                                    | i_scope/i_wr0/clear                                                                                                     |                3 |              4 |         1.33 |
|  adc_clk                                       | ps/axi_slave_gp0/rd_araddr_reg[5]_10[0]                                                                                                            |                                                                                                                         |                2 |              4 |         2.00 |
|  adc_clk                                       |                                                                                                                                                    | i_scope/i_wr1/clear                                                                                                     |                4 |              4 |         1.00 |
|  adc_clk                                       | i_scope/i_wr0/axi_wvalid_o_reg_2[0]                                                                                                                | i_scope/i_dfilt1_chb/SR[0]                                                                                              |                1 |              4 |         4.00 |
|  adc_clk                                       |                                                                                                                                                    | i_scope/axi_b_dat_sel                                                                                                   |                2 |              4 |         2.00 |
|  adc_clk                                       | ps/axi_slave_gp0/rd_araddr_reg[5]_12[0]                                                                                                            |                                                                                                                         |                3 |              4 |         1.33 |
|  adc_clk                                       | i_scope/i_wr1/axi_wvalid_o_reg_1[0]                                                                                                                | i_scope/i_dfilt1_chb/SR[0]                                                                                              |                1 |              4 |         4.00 |
|  adc_clk                                       | i_scope/i_wr1/axi_wvalid_o_reg_2[0]                                                                                                                | i_scope/i_dfilt1_chb/SR[0]                                                                                              |                1 |              4 |         4.00 |
|  ps/system_i/processing_system7/inst/FCLK_CLK3 | ps/system_i/xadc/inst/AXI_XADC_CORE_I/D[6]                                                                                                         | ps/system_i/xadc/inst/AXI_LITE_IPIF_I/I_SLAVE_ATTACHMENT/reset2ip_reset                                                 |                2 |              4 |         2.00 |
|  adc_clk                                       | ps/axi_slave_gp0/rd_araddr_reg[4]_13[0]                                                                                                            |                                                                                                                         |                2 |              4 |         2.00 |
|  adc_clk                                       | ps/axi_master[1]/axi_wpop                                                                                                                          | i_scope/i_dfilt1_chb/SR[0]                                                                                              |                1 |              4 |         4.00 |
|  adc_clk                                       | ps/axi_slave_gp0/sys_rdata0                                                                                                                        | ps/axi_slave_gp0/rd_araddr_reg[5]_19                                                                                    |                1 |              4 |         4.00 |
|  i_daisy/i_rx/CLK                              |                                                                                                                                                    | i_daisy/i_rx/bitslip_cnt[3]_i_1_n_0                                                                                     |                1 |              4 |         4.00 |
|  pwm_clk                                       | pwm[2]/bcnt                                                                                                                                        | pwm[1]/SR[0]                                                                                                            |                1 |              4 |         4.00 |
|  pwm_clk                                       | pwm[1]/bcnt                                                                                                                                        | pwm[1]/SR[0]                                                                                                            |                1 |              4 |         4.00 |
|  adc_clk                                       | ps/axi_master[0]/axi_wfill_lvl[3]_i_1__0_n_0                                                                                                       | i_scope/i_dfilt1_chb/SR[0]                                                                                              |                1 |              4 |         4.00 |
|  adc_clk                                       | i_scope/set_trig_src[3]_i_1_n_0                                                                                                                    | i_scope/i_dfilt1_chb/SR[0]                                                                                              |                1 |              4 |         4.00 |
|  adc_clk                                       | ps/axi_master[0]/axi_wpop                                                                                                                          | i_scope/i_dfilt1_chb/SR[0]                                                                                              |                1 |              4 |         4.00 |
|  adc_clk                                       | ps/axi_master[1]/axi_rfill_lvl[3]_i_1_n_0                                                                                                          | i_scope/i_dfilt1_chb/SR[0]                                                                                              |                1 |              4 |         4.00 |
|  adc_clk                                       | ps/axi_master[0]/axi_rfill_lvl[3]_i_1__0_n_0                                                                                                       | i_scope/i_dfilt1_chb/SR[0]                                                                                              |                2 |              4 |         2.00 |
|  adc_clk                                       | ps/axi_master[0]/axi_awpush                                                                                                                        | i_scope/i_dfilt1_chb/SR[0]                                                                                              |                1 |              4 |         4.00 |
|  adc_clk                                       | ps/axi_slave_gp0/rd_araddr_reg[3]_14[0]                                                                                                            |                                                                                                                         |                3 |              4 |         1.33 |
|  adc_clk                                       | ps/axi_slave_gp0/rd_araddr_reg[3]_15[0]                                                                                                            |                                                                                                                         |                3 |              4 |         1.33 |
|  adc_clk                                       | ps/axi_slave_gp0/rd_araddr_reg[3]_16[0]                                                                                                            |                                                                                                                         |                2 |              4 |         2.00 |
|  adc_clk                                       | ps/axi_master[0]/axi_awfill_lvl[3]_i_1__0_n_0                                                                                                      | i_scope/i_dfilt1_chb/SR[0]                                                                                              |                1 |              4 |         4.00 |
|  adc_clk                                       | ps/axi_master[0]/axi_awpop                                                                                                                         | i_scope/i_dfilt1_chb/SR[0]                                                                                              |                1 |              4 |         4.00 |
|  adc_clk                                       | ps/axi_master[1]/axi_awpush                                                                                                                        | i_scope/i_dfilt1_chb/SR[0]                                                                                              |                1 |              4 |         4.00 |
|  adc_clk                                       | ps/axi_master[1]/axi_awfill_lvl[3]_i_1_n_0                                                                                                         | i_scope/i_dfilt1_chb/SR[0]                                                                                              |                2 |              4 |         2.00 |
|  adc_clk                                       | ps/axi_master[1]/axi_wfill_lvl[3]_i_1_n_0                                                                                                          | i_scope/i_dfilt1_chb/SR[0]                                                                                              |                1 |              4 |         4.00 |
|  ps/system_i/processing_system7/inst/FCLK_CLK3 |                                                                                                                                                    | ps/system_i/proc_sys_reset/U0/EXT_LPF/lpf_int                                                                           |                1 |              5 |         5.00 |
|  adc_clk                                       |                                                                                                                                                    | i_daisy/i_tx/R0                                                                                                         |                1 |              5 |         5.00 |
|  adc_clk                                       | lock/gen_hi_inst_2/tick                                                                                                                            | lock/lia_inst_1/lia_lpf_inst_1/rstn_reg                                                                                 |                1 |              5 |         5.00 |
|  adc_clk                                       | i_scope/dec_avg_div_a/pipe_loop[1].pipe_dv_reg[1]__0                                                                                               | i_scope/dec_avg_div_a/pipe_loop[1].cnt[1][5]_i_1_n_0                                                                    |                1 |              5 |         5.00 |
|  adc_clk                                       | ps/axi_slave_gp0/rd_araddr_reg[3]_13[0]                                                                                                            |                                                                                                                         |                1 |              5 |         5.00 |
|  adc_clk                                       | lock/gen_hi_inst_1/tick                                                                                                                            | lock/lia_inst_1/lia_lpf_inst_1/rstn_reg                                                                                 |                1 |              5 |         5.00 |
|  adc_clk                                       | ps/axi_slave_gp0/rd_araddr_reg[3]_7[0]                                                                                                             |                                                                                                                         |                2 |              5 |         2.50 |
|  adc_clk                                       | ps/axi_slave_gp0/rd_araddr_reg[5]_11[0]                                                                                                            |                                                                                                                         |                1 |              5 |         5.00 |
|  adc_clk                                       | ps/axi_slave_gp0/ack_cnt[5]_i_2_n_0                                                                                                                | ps/axi_slave_gp0/ack_cnt[5]                                                                                             |                1 |              5 |         5.00 |
|  ps/system_i/processing_system7/inst/FCLK_CLK3 | ps/system_i/axi_protocol_converter_0/inst/gen_axilite.gen_b2s_conv.axilite_b2s/RD.r_channel_0/rd_data_fifo_0/cnt_read[4]_i_1_n_0                   | ps/system_i/axi_protocol_converter_0/inst/gen_axilite.gen_b2s_conv.axilite_b2s/areset_d1                                |                2 |              5 |         2.50 |
|  ps/system_i/processing_system7/inst/FCLK_CLK3 | ps/system_i/axi_protocol_converter_0/inst/gen_axilite.gen_b2s_conv.axilite_b2s/RD.r_channel_0/transaction_fifo_0/cnt_read[4]_i_1__0_n_0            | ps/system_i/axi_protocol_converter_0/inst/gen_axilite.gen_b2s_conv.axilite_b2s/areset_d1                                |                1 |              5 |         5.00 |
|  adc_clk                                       | i_scope/dec_avg_div_b/pipe_loop[1].pipe_dv_reg[1]__0                                                                                               | i_scope/dec_avg_div_b/pipe_loop[1].cnt[1][5]_i_1__0_n_0                                                                 |                1 |              5 |         5.00 |
|  ps/system_i/processing_system7/inst/FCLK_CLK3 | ps/system_i/proc_sys_reset/U0/SEQ/seq_cnt_en                                                                                                       | ps/system_i/proc_sys_reset/U0/SEQ/SEQ_COUNTER/clear                                                                     |                2 |              6 |         3.00 |
|  adc_clk                                       | ps/axi_slave_gp0/rd_araddr_reg[8]_11[0]                                                                                                            |                                                                                                                         |                2 |              7 |         3.50 |
|  ps/system_i/processing_system7/inst/FCLK_CLK3 |                                                                                                                                                    | ps/system_i/xadc/inst/AXI_LITE_IPIF_I/I_SLAVE_ATTACHMENT/dpto_cnt0                                                      |                3 |              7 |         2.33 |
|  adc_clk                                       | ps/axi_slave_gp0/wr_awaddr_reg[1]_2[0]                                                                                                             |                                                                                                                         |                2 |              7 |         3.50 |
|  adc_clk                                       | rstn                                                                                                                                               | ps/axi_slave_gp0/adc_rstn_reg_1                                                                                         |                2 |              7 |         3.50 |
|  adc_clk                                       | ps/axi_slave_gp0/bus\\.wen_reg_3[0]                                                                                                                | i_scope/i_dfilt1_chb/SR[0]                                                                                              |                3 |              8 |         2.67 |
|  pwm_clk                                       | pwm[1]/v[7]_i_1__1_n_0                                                                                                                             |                                                                                                                         |                1 |              8 |         8.00 |
|  pwm_clk                                       | pwm[3]/v[7]_i_1_n_0                                                                                                                                |                                                                                                                         |                1 |              8 |         8.00 |
|  pwm_clk                                       | pwm[0]/v[7]_i_1__2_n_0                                                                                                                             |                                                                                                                         |                1 |              8 |         8.00 |
|  adc_clk                                       | ps/axi_slave_gp0/rd_araddr_reg[5]_18[0]                                                                                                            | i_scope/i_dfilt1_chb/SR[0]                                                                                              |                5 |              8 |         1.60 |
|  adc_clk                                       | i_scope/i_wr1/dat_cnt[3]_i_1__0_n_0                                                                                                                | i_scope/i_wr1/clear                                                                                                     |                3 |              8 |         2.67 |
|  adc_clk                                       | i_scope/i_wr1/pop                                                                                                                                  | i_scope/i_wr1/clear                                                                                                     |                2 |              8 |         4.00 |
|  adc_clk                                       | i_scope/i_wr0/pop                                                                                                                                  | i_scope/i_wr0/clear                                                                                                     |                2 |              8 |         4.00 |
|  adc_clk                                       | i_scope/i_wr1/push                                                                                                                                 | i_scope/i_wr1/clear                                                                                                     |                2 |              8 |         4.00 |
|  adc_clk                                       | ps/axi_slave_gp0/rd_araddr_reg[5]_17[0]                                                                                                            | i_scope/i_dfilt1_chb/SR[0]                                                                                              |                3 |              8 |         2.67 |
|  adc_clk                                       | ps/axi_slave_gp0/rd_araddr_reg[5]_16[0]                                                                                                            | i_scope/i_dfilt1_chb/SR[0]                                                                                              |                4 |              8 |         2.00 |
|  pwm_clk                                       | pwm[2]/v[7]_i_1__0_n_0                                                                                                                             |                                                                                                                         |                1 |              8 |         8.00 |
|  adc_clk                                       | ps/axi_slave_gp0/wr_awaddr_reg[1]_8[0]                                                                                                             | i_scope/i_dfilt1_chb/SR[0]                                                                                              |                4 |              8 |         2.00 |
|  ps/system_i/processing_system7/inst/FCLK_CLK3 | ps/system_i/axi_protocol_converter_0/inst/gen_axilite.gen_b2s_conv.axilite_b2s/WR.b_channel_0/mhandshake_r                                         | ps/system_i/axi_protocol_converter_0/inst/gen_axilite.gen_b2s_conv.axilite_b2s/WR.b_channel_0/bid_fifo_0/SR[0]          |                3 |              8 |         2.67 |
|  adc_clk                                       | i_scope/i_wr0/dat_cnt[3]_i_1_n_0                                                                                                                   | i_scope/i_wr0/clear                                                                                                     |                3 |              8 |         2.67 |
|  adc_clk                                       | i_scope/i_wr0/push                                                                                                                                 | i_scope/i_wr0/clear                                                                                                     |                2 |              8 |         4.00 |
|  adc_clk                                       | i_hk/sel                                                                                                                                           | i_scope/i_dfilt1_chb/SR[0]                                                                                              |                2 |              9 |         4.50 |
|  adc_clk                                       | i_scope/i_wr0/fill_lvl[8]_i_1_n_0                                                                                                                  | i_scope/i_wr0/clear                                                                                                     |                3 |              9 |         3.00 |
|  adc_clk                                       | i_scope/i_wr1/fill_lvl[8]_i_1__0_n_0                                                                                                               | i_scope/i_wr1/clear                                                                                                     |                3 |              9 |         3.00 |
|  adc_clk                                       | lock/ramp_inst_1/tick                                                                                                                              | lock/lia_inst_1/lia_lpf_inst_1/rstn_reg                                                                                 |                4 |             10 |         2.50 |
|  ps/system_i/processing_system7/inst/FCLK_CLK3 |                                                                                                                                                    | ps/system_i/axi_protocol_converter_0/inst/gen_axilite.gen_b2s_conv.axilite_b2s/areset_d1                                |                4 |             10 |         2.50 |
|  adc_clk                                       | lock/gen_lo_inst_1/tick                                                                                                                            | lock/lia_inst_1/lia_lpf_inst_1/rstn_reg                                                                                 |                4 |             10 |         2.50 |
|  adc_clk                                       | lock/gen_lo_inst_2/tick                                                                                                                            | lock/lia_inst_1/lia_lpf_inst_1/rstn_reg                                                                                 |                4 |             10 |         2.50 |
|  adc_clk                                       | ps/axi_slave_gp0/rd_araddr_reg[8]_2[0]                                                                                                             |                                                                                                                         |                2 |             12 |         6.00 |
|  adc_clk                                       | i_scope/dec_avg_div_b/reg_Q[0][11]_i_1__0_n_0                                                                                                      |                                                                                                                         |                3 |             12 |         4.00 |
|  adc_clk                                       | i_daisy/i_tx/par_dat_r[11]_i_1_n_0                                                                                                                 | i_daisy/i_tx/R0                                                                                                         |                3 |             12 |         4.00 |
|  ps/system_i/processing_system7/inst/FCLK_CLK3 | ps/system_i/axi_protocol_converter_0/inst/gen_axilite.gen_b2s_conv.axilite_b2s/RD.ar_channel_0/ar_cmd_fsm_0/E[0]                                   |                                                                                                                         |                4 |             12 |         3.00 |
|  ps/system_i/processing_system7/inst/FCLK_CLK3 | ps/system_i/axi_protocol_converter_0/inst/gen_axilite.gen_b2s_conv.axilite_b2s/RD.ar_channel_0/ar_cmd_fsm_0/sel_first_reg[0]                       |                                                                                                                         |                4 |             12 |         3.00 |
|  ps/system_i/processing_system7/inst/FCLK_CLK3 | ps/system_i/axi_protocol_converter_0/inst/gen_axilite.gen_b2s_conv.axilite_b2s/WR.aw_channel_0/cmd_translator_0/incr_cmd_0/axaddr_incr[11]_i_1_n_0 |                                                                                                                         |                4 |             12 |         3.00 |
|  adc_clk                                       | i_scope/dec_avg_div_a/reg_Q[0][11]_i_1_n_0                                                                                                         |                                                                                                                         |                3 |             12 |         4.00 |
|  ps/system_i/processing_system7/inst/FCLK_CLK3 | ps/system_i/axi_protocol_converter_0/inst/gen_axilite.gen_b2s_conv.axilite_b2s/WR.aw_channel_0/aw_cmd_fsm_0/FSM_sequential_state_reg[1]_0[0]       |                                                                                                                         |                5 |             12 |         2.40 |
|  adc_clk                                       | ps/axi_slave_gp0/rd_araddr_reg[5]_9[0]                                                                                                             |                                                                                                                         |                4 |             12 |         3.00 |
|  adc_clk                                       | ps/axi_slave_gp0/rd_araddr_reg[8]_10[0]                                                                                                            |                                                                                                                         |                9 |             13 |         1.44 |
|  ps/system_i/processing_system7/inst/FCLK_CLK3 | ps/system_i/axi_protocol_converter_0/inst/gen_axilite.gen_b2s_conv.axilite_b2s/RD.r_channel_0/r_push_r                                             |                                                                                                                         |                6 |             13 |         2.17 |
|  adc_clk                                       | ps/axi_slave_gp0/rd_araddr_reg[3]_8[0]                                                                                                             |                                                                                                                         |                8 |             13 |         1.62 |
|  adc_clk                                       | ps/axi_slave_gp0/rd_araddr_reg[4]_10[0]                                                                                                            |                                                                                                                         |                5 |             13 |         2.60 |
|  adc_clk                                       | ps/axi_slave_gp0/rd_araddr_reg[8]_12[0]                                                                                                            |                                                                                                                         |                7 |             13 |         1.86 |
|  adc_clk                                       | ps/axi_slave_gp0/rd_araddr_reg[8]_1[0]                                                                                                             |                                                                                                                         |                5 |             13 |         2.60 |
|  adc_clk                                       | i_scope/dec_avg_div_a/q_o[13]_i_1_n_0                                                                                                              |                                                                                                                         |                4 |             14 |         3.50 |
|  adc_clk                                       | ps/axi_slave_gp0/rd_araddr_reg[8]_8[0]                                                                                                             |                                                                                                                         |                7 |             14 |         2.00 |
|  adc_clk                                       | i_scope/dec_avg_div_b/q_o[13]_i_1__0_n_0                                                                                                           |                                                                                                                         |                4 |             14 |         3.50 |
|  adc_clk                                       | ps/axi_slave_gp0/rd_araddr_reg[4]_12[0]                                                                                                            |                                                                                                                         |               10 |             14 |         1.40 |
|  adc_clk                                       | ps/axi_slave_gp0/rd_araddr_reg[4]_1[0]                                                                                                             | i_scope/i_dfilt1_chb/SR[0]                                                                                              |                5 |             14 |         2.80 |
|  adc_clk                                       | ps/axi_slave_gp0/rd_araddr_reg[5]_14[0]                                                                                                            |                                                                                                                         |                4 |             14 |         3.50 |
|  adc_clk                                       | ps/axi_slave_gp0/rd_araddr_reg[5]_13[0]                                                                                                            |                                                                                                                         |                7 |             14 |         2.00 |
|  adc_clk                                       | ps/axi_slave_gp0/rd_araddr_reg[3]_12[0]                                                                                                            |                                                                                                                         |                9 |             14 |         1.56 |
|  adc_clk                                       | ps/axi_slave_gp0/wr_awaddr_reg[1]_4[0]                                                                                                             |                                                                                                                         |               11 |             14 |         1.27 |
|  adc_clk                                       | ps/axi_slave_gp0/wr_awaddr_reg[1]_7[0]                                                                                                             |                                                                                                                         |                5 |             14 |         2.80 |
|  adc_clk                                       | ps/axi_slave_gp0/wr_awaddr_reg[1]_5[0]                                                                                                             |                                                                                                                         |                4 |             14 |         3.50 |
|  adc_clk                                       | i_scope/axi_a_dat[31]_i_1_n_0                                                                                                                      |                                                                                                                         |                3 |             14 |         4.67 |
|  adc_clk                                       | i_scope/axi_a_dat[47]_i_1_n_0                                                                                                                      |                                                                                                                         |                3 |             14 |         4.67 |
|  adc_clk                                       | i_scope/adc_wp_trig0                                                                                                                               | i_scope/axi_b_dat_sel                                                                                                   |                6 |             14 |         2.33 |
|  adc_clk                                       | ps/axi_slave_gp0/rd_araddr_reg[0]_2[0]                                                                                                             |                                                                                                                         |                7 |             14 |         2.00 |
|  adc_clk                                       | i_scope/axi_a_dat[15]_i_1_n_0                                                                                                                      |                                                                                                                         |                3 |             14 |         4.67 |
|  adc_clk                                       | i_scope/axi_a_dat_dv0                                                                                                                              |                                                                                                                         |                2 |             14 |         7.00 |
|  adc_clk                                       | i_scope/axi_b_dat[15]_i_1_n_0                                                                                                                      |                                                                                                                         |                4 |             14 |         3.50 |
|  adc_clk                                       | i_scope/axi_b_dat[31]_i_1_n_0                                                                                                                      |                                                                                                                         |                5 |             14 |         2.80 |
|  adc_clk                                       | ps/axi_slave_gp0/wr_awaddr_reg[1]_6[0]                                                                                                             |                                                                                                                         |                8 |             14 |         1.75 |
|  adc_clk                                       | i_scope/axi_b_dat[47]_i_1_n_0                                                                                                                      |                                                                                                                         |                4 |             14 |         3.50 |
|  adc_clk                                       | i_scope/axi_b_dat_dv0                                                                                                                              |                                                                                                                         |                5 |             14 |         2.80 |
|  adc_clk                                       | ps/axi_slave_gp0/bus\\.wen_reg_0[0]                                                                                                                | i_scope/i_dfilt1_chb/SR[0]                                                                                              |                4 |             14 |         3.50 |
|  adc_clk                                       | ps/axi_slave_gp0/E[0]                                                                                                                              |                                                                                                                         |                6 |             14 |         2.33 |
|  adc_clk                                       | ps/axi_slave_gp0/rd_araddr_reg[7]_1[0]                                                                                                             | i_scope/i_dfilt1_chb/SR[0]                                                                                              |                3 |             14 |         4.67 |
|  adc_clk                                       | ps/axi_slave_gp0/rd_araddr_reg[5]_5[0]                                                                                                             | i_scope/i_dfilt1_chb/SR[0]                                                                                              |                5 |             14 |         2.80 |
|  adc_clk                                       | ps/axi_slave_gp0/rd_araddr_reg[8]_5[0]                                                                                                             |                                                                                                                         |                8 |             14 |         1.75 |
|  ps/system_i/processing_system7/inst/FCLK_CLK3 | ps/system_i/axi_protocol_converter_0/inst/gen_axilite.gen_b2s_conv.axilite_b2s/SI_REG/b.b_pipe/p_1_in                                              |                                                                                                                         |                2 |             14 |         7.00 |
|  ps/system_i/processing_system7/inst/FCLK_CLK3 | ps/system_i/axi_protocol_converter_0/inst/gen_axilite.gen_b2s_conv.axilite_b2s/SI_REG/b.b_pipe/s_ready_i_reg_0                                     |                                                                                                                         |                2 |             14 |         7.00 |
|  adc_clk                                       | ps/axi_slave_gp0/rd_araddr_reg[3]_18[0]                                                                                                            |                                                                                                                         |                6 |             14 |         2.33 |
|  adc_clk                                       |                                                                                                                                                    | i_scope/adc_dec_cnt[16]                                                                                                 |                4 |             16 |         4.00 |
|  pwm_clk                                       | pwm[3]/b                                                                                                                                           |                                                                                                                         |                5 |             16 |         3.20 |
|  adc_clk                                       |                                                                                                                                                    | lock/ramp_inst_1/count[0]_i_1__2_n_0                                                                                    |                4 |             16 |         4.00 |
|  adc_clk                                       |                                                                                                                                                    | lock/gen_hi_inst_2/count[0]_i_1__1_n_0                                                                                  |                4 |             16 |         4.00 |
|  adc_clk                                       | i_daisy/tx_rx_dv0                                                                                                                                  | i_scope/i_dfilt1_chb/SR[0]                                                                                              |                3 |             16 |         5.33 |
|  pwm_clk                                       | pwm[0]/b                                                                                                                                           |                                                                                                                         |                6 |             16 |         2.67 |
|  adc_clk                                       |                                                                                                                                                    | lock/gen_hi_inst_1/count[0]_i_1__3_n_0                                                                                  |                4 |             16 |         4.00 |
|  adc_clk                                       | ps/axi_slave_gp0/rd_araddr_reg[3]_9[0]                                                                                                             |                                                                                                                         |                5 |             16 |         3.20 |
|  ps/system_i/processing_system7/inst/FCLK_CLK3 |                                                                                                                                                    | ps/system_i/xadc/inst/AXI_XADC_CORE_I/do_reg[15]_i_1_n_0                                                                |                5 |             16 |         3.20 |
|  adc_clk                                       |                                                                                                                                                    | lock/gen_lo_inst_1/count[0]_i_1_n_0                                                                                     |                4 |             16 |         4.00 |
|  adc_clk                                       | ps/axi_slave_gp0/rd_araddr_reg[8]_3[0]                                                                                                             |                                                                                                                         |                3 |             16 |         5.33 |
|  adc_clk                                       | ps/axi_slave_gp0/rd_araddr_reg[6]_7[0]                                                                                                             |                                                                                                                         |                5 |             16 |         3.20 |
|  adc_clk                                       | ps/axi_slave_gp0/rd_araddr_reg[8]_4[0]                                                                                                             |                                                                                                                         |                5 |             16 |         3.20 |
|  adc_clk                                       | ps/axi_slave_gp0/rd_araddr_reg[8]_6[0]                                                                                                             |                                                                                                                         |                7 |             16 |         2.29 |
|  adc_clk                                       | ps/axi_slave_gp0/rd_araddr_reg[8]_9[0]                                                                                                             |                                                                                                                         |                9 |             16 |         1.78 |
|  adc_clk                                       |                                                                                                                                                    | lock/gen_lo_inst_2/count[0]_i_1__0_n_0                                                                                  |                4 |             16 |         4.00 |
|  ps/system_i/processing_system7/inst/FCLK_CLK3 | ps/system_i/axi_protocol_converter_0/inst/gen_axilite.gen_b2s_conv.axilite_b2s/WR.b_channel_0/bid_fifo_0/sel                                       |                                                                                                                         |                3 |             16 |         5.33 |
|  adc_clk                                       | ps/axi_slave_gp0/rd_araddr_reg[5]_8[0]                                                                                                             |                                                                                                                         |                4 |             16 |         4.00 |
|  pwm_clk                                       | pwm[1]/b                                                                                                                                           |                                                                                                                         |                6 |             16 |         2.67 |
|  adc_clk                                       | ps/axi_slave_gp0/rd_araddr_reg[3]_10[0]                                                                                                            |                                                                                                                         |                4 |             16 |         4.00 |
|  pwm_clk                                       | pwm[2]/b                                                                                                                                           |                                                                                                                         |                4 |             16 |         4.00 |
|  adc_clk                                       | i_daisy/i_test/tst_dv                                                                                                                              | i_scope/i_dfilt1_chb/SR[0]                                                                                              |                2 |             16 |         8.00 |
|  adc_clk                                       | ps/axi_slave_gp0/rd_araddr_reg[8]_7[0]                                                                                                             |                                                                                                                         |                8 |             16 |         2.00 |
|  i_daisy/i_rx/CLK                              | i_daisy/i_rx/par_val                                                                                                                               | i_daisy/i_rx/clear                                                                                                      |                3 |             16 |         5.33 |
|  adc_clk                                       | i_scope/dec_avg_div_b/pipe_loop[1].reg_Y[1][16]_i_1__0_n_0                                                                                         |                                                                                                                         |                6 |             17 |         2.83 |
|  adc_clk                                       | ps/axi_slave_gp0/sys_rdata0                                                                                                                        |                                                                                                                         |               15 |             17 |         1.13 |
|  adc_clk                                       | ps/axi_slave_gp0/rd_araddr_reg[2]_5[0]                                                                                                             | i_scope/i_dfilt1_chb/SR[0]                                                                                              |                5 |             17 |         3.40 |
|  i_daisy/txp_dv_reg_i_2_n_0                    |                                                                                                                                                    |                                                                                                                         |                5 |             17 |         3.40 |
|  ps/system_i/processing_system7/inst/FCLK_CLK3 | ps/system_i/xadc/inst/AXI_LITE_IPIF_I/I_SLAVE_ATTACHMENT/I_DECODER/E[0]                                                                            | ps/system_i/xadc/inst/AXI_LITE_IPIF_I/I_SLAVE_ATTACHMENT/reset2ip_reset                                                 |                7 |             17 |         2.43 |
|  i_daisy/i_rx/par_clk                          |                                                                                                                                                    | i_daisy/i_rx/i_iserdese_i_2_n_0                                                                                         |                3 |             17 |         5.67 |
|  adc_clk                                       | i_scope/dec_avg_div_a/pipe_loop[1].reg_Y[1][16]_i_1_n_0                                                                                            |                                                                                                                         |                5 |             17 |         3.40 |
|  adc_clk                                       | i_scope/dec_avg_div_a/SR[0]                                                                                                                        |                                                                                                                         |                7 |             17 |         2.43 |
|  adc_clk                                       | ps/axi_slave_gp0/rd_araddr_reg[0]_0[0]                                                                                                             | i_scope/i_dfilt1_chb/SR[0]                                                                                              |                7 |             18 |         2.57 |
|  adc_clk                                       | ps/axi_slave_gp0/rd_araddr_reg[4]_3[0]                                                                                                             | i_scope/i_dfilt1_chb/SR[0]                                                                                              |                9 |             18 |         2.00 |
|  adc_clk                                       | ps/axi_slave_gp0/bus\\.wen_reg_2[0]                                                                                                                | i_scope/i_dfilt1_chb/SR[0]                                                                                              |                4 |             19 |         4.75 |
|  adc_clk                                       | i_daisy/tx_cfg_sel0                                                                                                                                | i_scope/i_dfilt1_chb/SR[0]                                                                                              |                3 |             19 |         6.33 |
|  adc_clk                                       | i_scope/ext_trig_debp[0]_i_1_n_0                                                                                                                   | i_scope/i_dfilt1_chb/SR[0]                                                                                              |                5 |             20 |         4.00 |
|  adc_clk                                       | ps/axi_slave_gp0/rd_araddr_reg[4]_9[0]                                                                                                             |                                                                                                                         |               13 |             20 |         1.54 |
|  adc_clk                                       | ps/axi_slave_gp0/rd_araddr_reg[5]_7[0]                                                                                                             |                                                                                                                         |               10 |             20 |         2.00 |
|  adc_clk                                       | ps/axi_slave_gp0/rd_araddr_reg[10]_0[0]                                                                                                            | i_scope/i_dfilt1_chb/SR[0]                                                                                              |                4 |             20 |         5.00 |
|  adc_clk                                       | ps/axi_slave_gp0/wr_awaddr_reg[1]_1[0]                                                                                                             |                                                                                                                         |               13 |             20 |         1.54 |
|  adc_clk                                       | i_scope/ext_trig_debn[0]_i_1_n_0                                                                                                                   | i_scope/i_dfilt1_chb/SR[0]                                                                                              |                5 |             20 |         4.00 |
|  adc_clk                                       | ps/axi_slave_gp0/rd_araddr_reg[3]_6[0]                                                                                                             |                                                                                                                         |               12 |             20 |         1.67 |
|  ps/system_i/processing_system7/inst/FCLK_CLK3 | ps/system_i/axi_protocol_converter_0/inst/gen_axilite.gen_b2s_conv.axilite_b2s/RD.r_channel_0/rd_data_fifo_0/wr_en0                                |                                                                                                                         |                6 |             20 |         3.33 |
|  ps/system_i/processing_system7/inst/FCLK_CLK3 | ps/system_i/xadc/inst/AXI_LITE_IPIF_I/I_SLAVE_ATTACHMENT/s_axi_rresp_i                                                                             | ps/system_i/xadc/inst/AXI_LITE_IPIF_I/I_SLAVE_ATTACHMENT/SR[0]                                                          |                6 |             20 |         3.33 |
|  i_daisy/i_rx/par_clk                          |                                                                                                                                                    |                                                                                                                         |                7 |             20 |         2.86 |
|  ps/system_i/processing_system7/inst/FCLK_CLK3 | ps/system_i/axi_protocol_converter_0/inst/gen_axilite.gen_b2s_conv.axilite_b2s/WR.aw_channel_0/aw_cmd_fsm_0/E[0]                                   |                                                                                                                         |                9 |             24 |         2.67 |
|  adc_clk                                       | ps/axi_slave_gp0/rd_araddr_reg[22]_3[0]                                                                                                            | i_scope/i_dfilt1_chb/SR[0]                                                                                              |                4 |             24 |         6.00 |
|  adc_clk                                       | ps/axi_slave_gp0/rd_araddr_reg[22]_1[0]                                                                                                            | i_scope/i_dfilt1_chb/SR[0]                                                                                              |                4 |             24 |         6.00 |
|  adc_clk                                       | ps/axi_slave_gp0/rd_araddr_reg[22]_0[0]                                                                                                            | i_scope/i_dfilt1_chb/SR[0]                                                                                              |                7 |             24 |         3.43 |
|  adc_clk                                       | ps/axi_slave_gp0/rd_araddr_reg[22]_2[0]                                                                                                            | i_scope/i_dfilt1_chb/SR[0]                                                                                              |                5 |             24 |         4.80 |
|  adc_clk                                       | i_scope/dec_avg_div_a/cnt                                                                                                                          | i_scope/dec_avg_div_a/SR[0]                                                                                             |                7 |             24 |         3.43 |
|  ps/system_i/processing_system7/inst/FCLK_CLK3 | ps/system_i/axi_protocol_converter_0/inst/gen_axilite.gen_b2s_conv.axilite_b2s/RD.ar_channel_0/ar_cmd_fsm_0/m_valid_i_reg[0]                       |                                                                                                                         |                9 |             24 |         2.67 |
|  adc_clk                                       | rstn                                                                                                                                               | ps/axi_slave_gp0/adc_rstn_reg_2                                                                                         |                9 |             24 |         2.67 |
|  adc_clk                                       | i_scope/dec_avg_div_b/cnt                                                                                                                          | i_scope/dec_avg_div_a/SR[0]                                                                                             |                7 |             24 |         3.43 |
|  adc_clk                                       | ps/axi_slave_gp0/rd_araddr_reg[12]_0[0]                                                                                                            | i_scope/i_dfilt1_chb/SR[0]                                                                                              |               11 |             25 |         2.27 |
|  adc_clk                                       | ps/axi_slave_gp0/pp_mult_i_6__0_0[0]                                                                                                               | i_scope/i_dfilt1_chb/SR[0]                                                                                              |               11 |             25 |         2.27 |
|  adc_clk                                       | ps/axi_slave_gp0/rd_araddr_reg[16]_0[0]                                                                                                            | i_scope/i_dfilt1_chb/SR[0]                                                                                              |                9 |             25 |         2.78 |
|  adc_clk                                       | ps/axi_slave_gp0/rd_araddr_reg[5]_2[0]                                                                                                             | i_scope/i_dfilt1_chb/SR[0]                                                                                              |               10 |             25 |         2.50 |
|  adc_clk                                       | ps/axi_slave_gp0/rd_araddr_reg[5]_4[0]                                                                                                             | i_scope/i_dfilt1_chb/SR[0]                                                                                              |               10 |             25 |         2.50 |
|  ps/system_i/processing_system7/inst/FCLK_CLK3 | ps/system_i/xadc/inst/AXI_LITE_IPIF_I/I_SLAVE_ATTACHMENT/I_DECODER/start                                                                           | ps/system_i/xadc/inst/AXI_LITE_IPIF_I/I_SLAVE_ATTACHMENT/I_DECODER/cs_ce_clr                                            |                9 |             25 |         2.78 |
|  adc_clk                                       | ps/axi_slave_gp0/rd_araddr_reg[4]_7[0]                                                                                                             | i_scope/i_dfilt1_chb/SR[0]                                                                                              |                9 |             25 |         2.78 |
|  ps/system_i/processing_system7/inst/FCLK_CLK3 |                                                                                                                                                    | ps/system_i/xadc/inst/AXI_LITE_IPIF_I/I_SLAVE_ATTACHMENT/SR[0]                                                          |                5 |             26 |         5.20 |
|  adc_clk                                       | i_scope/p_0_in27_out                                                                                                                               | i_scope/axi_b_dat_sel                                                                                                   |                6 |             28 |         4.67 |
|  adc_clk                                       | i_scope/div_dat_got                                                                                                                                | i_scope/i_dfilt1_chb/SR[0]                                                                                              |                8 |             28 |         3.50 |
|  dac_clk_1x                                    |                                                                                                                                                    |                                                                                                                         |                9 |             29 |         3.22 |
|  i_daisy/i_rx/CLK                              |                                                                                                                                                    | i_daisy/i_rx/clear                                                                                                      |                6 |             29 |         4.83 |
|  adc_clk                                       | i_scope/set_a_axi_trig0                                                                                                                            | i_scope/adc_rst_do                                                                                                      |               12 |             31 |         2.58 |
|  adc_clk                                       | i_scope/set_b_axi_trig0                                                                                                                            | i_scope/adc_rst_do                                                                                                      |               10 |             31 |         3.10 |
|  adc_clk                                       | i_scope/axi_a_dly_cnt[0]_i_1_n_0                                                                                                                   | i_scope/i_dfilt1_chb/SR[0]                                                                                              |                8 |             32 |         4.00 |
|  adc_clk                                       | ps/axi_slave_gp0/rd_araddr_reg[2]_4[0]                                                                                                             |                                                                                                                         |                9 |             32 |         3.56 |
|  adc_clk                                       | ps/axi_slave_gp0/rd_araddr_reg[0]_1[0]                                                                                                             | i_scope/i_dfilt1_chb/SR[0]                                                                                              |                9 |             32 |         3.56 |
|  adc_clk                                       | i_scope/axi_b_dly_cnt[0]_i_1_n_0                                                                                                                   | i_scope/i_dfilt1_chb/SR[0]                                                                                              |                8 |             32 |         4.00 |
|  adc_clk                                       | ps/axi_slave_gp0/adc_rstn_reg[0]                                                                                                                   |                                                                                                                         |                9 |             32 |         3.56 |
|  pwm_clk                                       |                                                                                                                                                    | pwm[1]/SR[0]                                                                                                            |               12 |             32 |         2.67 |
|  adc_clk                                       | ps/axi_slave_gp0/wr_awaddr_reg[0]_0[0]                                                                                                             |                                                                                                                         |                8 |             32 |         4.00 |
|  adc_clk                                       |                                                                                                                                                    | ps/axi_slave_gp0/rd_araddr_reg[19]_0                                                                                    |               15 |             32 |         2.13 |
|  adc_clk                                       | ps/axi_slave_gp0/rd_araddr_reg[4]_2[0]                                                                                                             |                                                                                                                         |                9 |             32 |         3.56 |
|  adc_clk                                       | i_scope/i_wr0/E[0]                                                                                                                                 |                                                                                                                         |               10 |             32 |         3.20 |
|  i_daisy/i_rx/CLK                              | i_daisy/i_test/rx_err_inc                                                                                                                          | i_daisy/i_test/rx_err_cnt[0]_i_1_n_0                                                                                    |                8 |             32 |         4.00 |
|  ps/system_i/processing_system7/inst/FCLK_CLK3 | ps/system_i/axi_protocol_converter_0/inst/gen_axilite.gen_b2s_conv.axilite_b2s/RD.ar_channel_0/ar_cmd_fsm_0/m_valid_i_reg_1[0]                     |                                                                                                                         |                7 |             32 |         4.57 |
|  adc_clk                                       | i_scope/i_wr1/E[0]                                                                                                                                 |                                                                                                                         |               11 |             32 |         2.91 |
|  ps/system_i/processing_system7/inst/FCLK_CLK3 | ps/system_i/axi_protocol_converter_0/inst/gen_axilite.gen_b2s_conv.axilite_b2s/WR.b_channel_0/bid_fifo_0/E[0]                                      |                                                                                                                         |                7 |             32 |         4.57 |
|  ps/system_i/processing_system7/inst/FCLK_CLK3 | ps/system_i/axi_protocol_converter_0/inst/gen_axilite.gen_b2s_conv.axilite_b2s/SI_REG/ar.ar_pipe/s_ready_i_reg_0                                   |                                                                                                                         |                8 |             32 |         4.00 |
|  ps/system_i/processing_system7/inst/FCLK_CLK3 | ps/system_i/axi_protocol_converter_0/inst/gen_axilite.gen_b2s_conv.axilite_b2s/SI_REG/aw.aw_pipe/s_ready_i_reg_0                                   |                                                                                                                         |               11 |             32 |         2.91 |
|  adc_clk                                       | ps/axi_slave_gp0/rd_araddr_reg[4]_6[0]                                                                                                             |                                                                                                                         |               11 |             32 |         2.91 |
|  adc_clk                                       | ps/axi_slave_gp0/rd_araddr_reg[5]_3[0]                                                                                                             |                                                                                                                         |               11 |             32 |         2.91 |
|  adc_clk                                       | i_scope/dec_avg_div_a/reg_X[0][31]_i_1_n_0                                                                                                         |                                                                                                                         |                4 |             32 |         8.00 |
|  adc_clk                                       | i_scope/dec_avg_div_b/reg_X[0][31]_i_1__0_n_0                                                                                                      |                                                                                                                         |                5 |             32 |         6.40 |
|  adc_clk                                       | i_scope/adc_dly_cnt[0]_i_1_n_0                                                                                                                     | i_scope/i_dfilt1_chb/SR[0]                                                                                              |                8 |             32 |         4.00 |
|  adc_clk                                       | i_scope/adc_we_cnt[0]_i_2_n_0                                                                                                                      | i_scope/adc_we_cnt[0]_i_1_n_0                                                                                           |                8 |             32 |         4.00 |
|  i_daisy/i_rx/CLK                              | i_daisy/i_test/rx_dat_inc                                                                                                                          | i_daisy/i_test/rx_dat_cnt[0]_i_1_n_0                                                                                    |                8 |             32 |         4.00 |
|  ps/system_i/processing_system7/inst/FCLK_CLK3 | ps/system_i/axi_protocol_converter_0/inst/gen_axilite.gen_b2s_conv.axilite_b2s/SI_REG/r.r_pipe/p_1_in                                              |                                                                                                                         |                7 |             33 |         4.71 |
|  ps/system_i/processing_system7/inst/FCLK_CLK3 | ps/system_i/axi_protocol_converter_0/inst/gen_axilite.gen_b2s_conv.axilite_b2s/SI_REG/r.r_pipe/s_ready_i_reg_0                                     |                                                                                                                         |                7 |             33 |         4.71 |
|  adc_clk                                       | ps/axi_slave_gp0/rd_arid                                                                                                                           |                                                                                                                         |               13 |             35 |         2.69 |
|  adc_clk                                       | ps/axi_slave_gp0/wr_awid                                                                                                                           |                                                                                                                         |                7 |             35 |         5.00 |
|  adc_clk                                       | ps/axi_master[0]/axi_awaddr_o0_in                                                                                                                  | ps/axi_master[0]/axi_awaddr_o[31]_i_1__0_n_0                                                                            |                6 |             36 |         6.00 |
|  adc_clk                                       | ps/axi_master[1]/axi_awaddr_o0_in                                                                                                                  | ps/axi_master[1]/axi_awaddr_o[31]_i_1_n_0                                                                               |                6 |             36 |         6.00 |
|  adc_clk                                       | ps/axi_slave_gp0/adc_rstn_reg_0[0]                                                                                                                 |                                                                                                                         |               18 |             40 |         2.22 |
|  adc_clk                                       | ps/axi_master[1]/axi_awfifo_reg_0_15_0_5_i_1_n_0                                                                                                   |                                                                                                                         |                7 |             56 |         8.00 |
|  adc_clk                                       | ps/axi_master[0]/axi_awfifo_reg_0_15_0_5_i_1__0_n_0                                                                                                |                                                                                                                         |                7 |             56 |         8.00 |
|  adc_clk                                       | i_hk/dna_value0                                                                                                                                    | i_scope/i_dfilt1_chb/SR[0]                                                                                              |               15 |             57 |         3.80 |
|  adc_clk                                       | i_scope/i_wr1/next_address                                                                                                                         |                                                                                                                         |               18 |             62 |         3.44 |
|  adc_clk                                       | i_scope/i_wr0/next_address                                                                                                                         |                                                                                                                         |               17 |             62 |         3.65 |
|  adc_clk                                       | i_scope/dec_avg_div_a/pipe_loop[1].reg_X[1][31]_i_1_n_0                                                                                            |                                                                                                                         |               19 |             63 |         3.32 |
|  adc_clk                                       | i_scope/dec_avg_div_b/pipe_loop[1].reg_X[1][31]_i_1__0_n_0                                                                                         |                                                                                                                         |               19 |             63 |         3.32 |
|  pwm_clk                                       | pwm_rstn                                                                                                                                           |                                                                                                                         |               21 |             64 |         3.05 |
|  adc_clk                                       | i_scope/i_wr0/clear                                                                                                                                |                                                                                                                         |               16 |             64 |         4.00 |
|  adc_clk                                       | i_scope/i_wr1/clear                                                                                                                                |                                                                                                                         |               22 |             64 |         2.91 |
|  adc_clk                                       | i_scope/dat_got                                                                                                                                    | i_scope/i_dfilt1_chb/SR[0]                                                                                              |               16 |             64 |         4.00 |
|  adc_clk                                       | i_scope/dat_got0                                                                                                                                   | i_scope/i_dfilt1_chb/SR[0]                                                                                              |               15 |             64 |         4.27 |
|  adc_clk                                       | ps/axi_master[1]/axi_wdata_o0_in                                                                                                                   | ps/axi_master[1]/axi_wdata_o[63]_i_1_n_0                                                                                |               13 |             66 |         5.08 |
|  adc_clk                                       | ps/axi_master[0]/axi_wdata_o0_in                                                                                                                   | ps/axi_master[0]/axi_wdata_o[63]_i_1__0_n_0                                                                             |               13 |             66 |         5.08 |
|  adc_clk                                       | ps/axi_master[0]/axi_wfifo_reg_0_15_0_5_i_1__0_n_0                                                                                                 |                                                                                                                         |               12 |             96 |         8.00 |
|  adc_clk                                       | ps/axi_master[1]/axi_wfifo_reg_0_15_0_5_i_1_n_0                                                                                                    |                                                                                                                         |               12 |             96 |         8.00 |
|  ps/system_i/processing_system7/inst/FCLK_CLK3 |                                                                                                                                                    | ps/system_i/xadc/inst/AXI_LITE_IPIF_I/I_SLAVE_ATTACHMENT/reset2ip_reset                                                 |               33 |            115 |         3.48 |
|  ps/system_i/processing_system7/inst/FCLK_CLK3 |                                                                                                                                                    |                                                                                                                         |               38 |            117 |         3.08 |
|  i_daisy/i_rx/CLK                              |                                                                                                                                                    |                                                                                                                         |               30 |            118 |         3.93 |
|  adc_clk                                       | rstn                                                                                                                                               |                                                                                                                         |               72 |            173 |         2.40 |
|  adc_clk                                       |                                                                                                                                                    |                                                                                                                         |               63 |            177 |         2.81 |
|  adc_clk                                       |                                                                                                                                                    | lock/lia_inst_1/lia_lpf_inst_1/rstn_reg                                                                                 |              142 |            369 |         2.60 |
|  adc_clk                                       |                                                                                                                                                    | i_scope/i_dfilt1_chb/SR[0]                                                                                              |              124 |            466 |         3.76 |
+------------------------------------------------+----------------------------------------------------------------------------------------------------------------------------------------------------+-------------------------------------------------------------------------------------------------------------------------+------------------+----------------+--------------+


